<?xml version="1.0" encoding="UTF-8"?>
<!-- Generated by org.testng.reporters.JUnitXMLReporter -->
<testsuite ignored="0" hostname="LIN-5CG2081NG2" failures="1" tests="1" name="Test(failed)" time="5.515" errors="0" timestamp="2024-07-17T16:41:14 IST">
  <testcase classname="testCases.TC_001_AccountRegistrationTest" name="verify_account_registration" time="1.481">
    <failure type="java.lang.AssertionError" message="Confirmation message mismatch expected [Your Account Has Been Created!!] but found [Your Account Has Been Created!]">
      <![CDATA[java.lang.AssertionError: Confirmation message mismatch expected [Your Account Has Been Created!!] but found [Your Account Has Been Created!]
at testCases.TC_001_AccountRegistrationTest.verify_account_registration(TC_001_AccountRegistrationTest.java:58)
at java.base/java.util.ArrayList.forEach(ArrayList.java:1511)
... Removed 32 stack frames]]>
    </failure>
  </testcase> <!-- verify_account_registration -->
</testsuite> <!-- Test(failed) -->
